ERROR - 2023-12-01 05:51:08 --> Error connecting to the database: mysqli_sql_exception: No se puede establecer una conexión ya que el equipo de destino denegó expresamente dicha conexión in C:\xampp\htdocs\system-school-form\system\Database\MySQLi\Connection.php:171
Stack trace:
#0 C:\xampp\htdocs\system-school-form\system\Database\MySQLi\Connection.php(171): mysqli->real_connect('localhost', 'root', '', 'system-school-f...', 3306, '', 0)
#1 C:\xampp\htdocs\system-school-form\system\Database\BaseConnection.php(382): CodeIgniter\Database\MySQLi\Connection->connect(false)
#2 C:\xampp\htdocs\system-school-form\system\Database\BaseConnection.php(561): CodeIgniter\Database\BaseConnection->initialize()
#3 C:\xampp\htdocs\system-school-form\system\Database\BaseBuilder.php(1585): CodeIgniter\Database\BaseConnection->query('SELECT *\nFROM `...', Array, false)
#4 C:\xampp\htdocs\system-school-form\system\Model.php(185): CodeIgniter\Database\BaseBuilder->get()
#5 C:\xampp\htdocs\system-school-form\system\BaseModel.php(524): CodeIgniter\Model->doFind(false, NULL)
#6 C:\xampp\htdocs\system-school-form\app\Controllers\Login.php(25): CodeIgniter\BaseModel->find()
#7 C:\xampp\htdocs\system-school-form\system\CodeIgniter.php(927): App\Controllers\Login->verificar()
#8 C:\xampp\htdocs\system-school-form\system\CodeIgniter.php(482): CodeIgniter\CodeIgniter->runController(Object(App\Controllers\Login))
#9 C:\xampp\htdocs\system-school-form\system\CodeIgniter.php(351): CodeIgniter\CodeIgniter->handleRequest(NULL, Object(Config\Cache), false)
#10 C:\xampp\htdocs\system-school-form\public\index.php(67): CodeIgniter\CodeIgniter->run()
#11 C:\xampp\htdocs\system-school-form\system\Commands\Server\rewrite.php(46): require_once('C:\\xampp\\htdocs...')
#12 {main}

Next CodeIgniter\Database\Exceptions\DatabaseException: No se puede establecer una conexión ya que el equipo de destino denegó expresamente dicha conexión in C:\xampp\htdocs\system-school-form\system\Database\MySQLi\Connection.php:215
Stack trace:
#0 C:\xampp\htdocs\system-school-form\system\Database\BaseConnection.php(382): CodeIgniter\Database\MySQLi\Connection->connect(false)
#1 C:\xampp\htdocs\system-school-form\system\Database\BaseConnection.php(561): CodeIgniter\Database\BaseConnection->initialize()
#2 C:\xampp\htdocs\system-school-form\system\Database\BaseBuilder.php(1585): CodeIgniter\Database\BaseConnection->query('SELECT *\nFROM `...', Array, false)
#3 C:\xampp\htdocs\system-school-form\system\Model.php(185): CodeIgniter\Database\BaseBuilder->get()
#4 C:\xampp\htdocs\system-school-form\system\BaseModel.php(524): CodeIgniter\Model->doFind(false, NULL)
#5 C:\xampp\htdocs\system-school-form\app\Controllers\Login.php(25): CodeIgniter\BaseModel->find()
#6 C:\xampp\htdocs\system-school-form\system\CodeIgniter.php(927): App\Controllers\Login->verificar()
#7 C:\xampp\htdocs\system-school-form\system\CodeIgniter.php(482): CodeIgniter\CodeIgniter->runController(Object(App\Controllers\Login))
#8 C:\xampp\htdocs\system-school-form\system\CodeIgniter.php(351): CodeIgniter\CodeIgniter->handleRequest(NULL, Object(Config\Cache), false)
#9 C:\xampp\htdocs\system-school-form\public\index.php(67): CodeIgniter\CodeIgniter->run()
#10 C:\xampp\htdocs\system-school-form\system\Commands\Server\rewrite.php(46): require_once('C:\\xampp\\htdocs...')
#11 {main}
CRITICAL - 2023-12-01 05:51:08 --> Unable to connect to the database.
Main connection [MySQLi]: No se puede establecer una conexión ya que el equipo de destino denegó expresamente dicha conexión
in SYSTEMPATH\Database\BaseConnection.php on line 418.
 1 SYSTEMPATH\Database\BaseConnection.php(561): CodeIgniter\Database\BaseConnection->initialize()
 2 SYSTEMPATH\Database\BaseBuilder.php(1585): CodeIgniter\Database\BaseConnection->query('SELECT *
FROM `users`
WHERE `usua_user` = :usua_user:
AND `usua_pass` = :usua_pass:
AND `usua_esta_ide` = :usua_esta_ide:', [...], false)
 3 SYSTEMPATH\Model.php(185): CodeIgniter\Database\BaseBuilder->get()
 4 SYSTEMPATH\BaseModel.php(524): CodeIgniter\Model->doFind(false, null)
 5 APPPATH\Controllers\Login.php(25): CodeIgniter\BaseModel->find()
 6 SYSTEMPATH\CodeIgniter.php(927): App\Controllers\Login->verificar()
 7 SYSTEMPATH\CodeIgniter.php(482): CodeIgniter\CodeIgniter->runController(Object(App\Controllers\Login))
 8 SYSTEMPATH\CodeIgniter.php(351): CodeIgniter\CodeIgniter->handleRequest(null, Object(Config\Cache), false)
 9 FCPATH\index.php(67): CodeIgniter\CodeIgniter->run()
10 SYSTEMPATH\Commands\Server\rewrite.php(46): require_once('FCPATH\\index.php')
