CRITICAL - 2023-11-23 04:35:04 --> There is no data to update.
in SYSTEMPATH\BaseModel.php on line 867.
 1 SYSTEMPATH\BaseModel.php(867): CodeIgniter\Database\Exceptions\DataException::forEmptyDataset('update')
 2 SYSTEMPATH\Model.php(693): CodeIgniter\BaseModel->update([...], [])
 3 APPPATH\Controllers\ItemController.php(54): CodeIgniter\Model->update('3', [...])
 4 SYSTEMPATH\CodeIgniter.php(927): App\Controllers\ItemController->delete()
 5 SYSTEMPATH\CodeIgniter.php(482): CodeIgniter\CodeIgniter->runController(Object(App\Controllers\ItemController))
 6 SYSTEMPATH\CodeIgniter.php(351): CodeIgniter\CodeIgniter->handleRequest(null, Object(Config\Cache), false)
 7 FCPATH\index.php(67): CodeIgniter\CodeIgniter->run()
CRITICAL - 2023-11-23 04:41:00 --> There is no data to update.
in SYSTEMPATH\BaseModel.php on line 867.
 1 SYSTEMPATH\BaseModel.php(867): CodeIgniter\Database\Exceptions\DataException::forEmptyDataset('update')
 2 SYSTEMPATH\Model.php(693): CodeIgniter\BaseModel->update([...], [])
 3 APPPATH\Controllers\ItemController.php(53): CodeIgniter\Model->update('3', [...])
 4 SYSTEMPATH\CodeIgniter.php(927): App\Controllers\ItemController->delete()
 5 SYSTEMPATH\CodeIgniter.php(482): CodeIgniter\CodeIgniter->runController(Object(App\Controllers\ItemController))
 6 SYSTEMPATH\CodeIgniter.php(351): CodeIgniter\CodeIgniter->handleRequest(null, Object(Config\Cache), false)
 7 FCPATH\index.php(67): CodeIgniter\CodeIgniter->run()
CRITICAL - 2023-11-23 04:41:27 --> There is no data to update.
in SYSTEMPATH\BaseModel.php on line 867.
 1 SYSTEMPATH\BaseModel.php(867): CodeIgniter\Database\Exceptions\DataException::forEmptyDataset('update')
 2 SYSTEMPATH\Model.php(693): CodeIgniter\BaseModel->update([...], [])
 3 APPPATH\Controllers\ItemController.php(53): CodeIgniter\Model->update(3, [...])
 4 SYSTEMPATH\CodeIgniter.php(927): App\Controllers\ItemController->delete()
 5 SYSTEMPATH\CodeIgniter.php(482): CodeIgniter\CodeIgniter->runController(Object(App\Controllers\ItemController))
 6 SYSTEMPATH\CodeIgniter.php(351): CodeIgniter\CodeIgniter->handleRequest(null, Object(Config\Cache), false)
 7 FCPATH\index.php(67): CodeIgniter\CodeIgniter->run()
CRITICAL - 2023-11-23 06:35:28 --> whereIn() expects $values to be of type array or closure
in SYSTEMPATH\Database\BaseBuilder.php on line 907.
 1 SYSTEMPATH\Database\BaseBuilder.php(789): CodeIgniter\Database\BaseBuilder->_whereIn('item_id', '1', false, 'AND ', null)
 2 SYSTEMPATH\Model.php(772): CodeIgniter\Database\BaseBuilder->whereIn('item_id', '1')
 3 APPPATH\Controllers\ItemController.php(114): CodeIgniter\Model->__call('whereIn', [...])
 4 SYSTEMPATH\CodeIgniter.php(927): App\Controllers\ItemController->update_item_type_id()
 5 SYSTEMPATH\CodeIgniter.php(482): CodeIgniter\CodeIgniter->runController(Object(App\Controllers\ItemController))
 6 SYSTEMPATH\CodeIgniter.php(351): CodeIgniter\CodeIgniter->handleRequest(null, Object(Config\Cache), false)
 7 FCPATH\index.php(67): CodeIgniter\CodeIgniter->run()
ERROR - 2023-11-23 06:47:39 --> mysqli_sql_exception: Cannot add or update a child row: a foreign key constraint fails (`system-school-form`.`alternatives`, CONSTRAINT `fk_alternatives_items1` FOREIGN KEY (`item_id`) REFERENCES `items` (`id`) ON DELETE NO ACTION ON UPDATE NO ACTION) in C:\xampp\htdocs\system-school-form\system\Database\MySQLi\Connection.php:292
Stack trace:
#0 C:\xampp\htdocs\system-school-form\system\Database\MySQLi\Connection.php(292): mysqli->query('INSERT INTO `al...', 0)
#1 C:\xampp\htdocs\system-school-form\system\Database\BaseConnection.php(666): CodeIgniter\Database\MySQLi\Connection->execute('INSERT INTO `al...')
#2 C:\xampp\htdocs\system-school-form\system\Database\BaseConnection.php(593): CodeIgniter\Database\BaseConnection->simpleQuery('INSERT INTO `al...')
#3 C:\xampp\htdocs\system-school-form\system\Database\BaseBuilder.php(1916): CodeIgniter\Database\BaseConnection->query('INSERT INTO `al...', Array, false)
#4 C:\xampp\htdocs\system-school-form\system\Model.php(279): CodeIgniter\Database\BaseBuilder->insert()
#5 C:\xampp\htdocs\system-school-form\system\BaseModel.php(749): CodeIgniter\Model->doInsert(Array)
#6 C:\xampp\htdocs\system-school-form\system\Model.php(667): CodeIgniter\BaseModel->insert(Array, false)
#7 C:\xampp\htdocs\system-school-form\app\Controllers\AlternativeController.php(29): CodeIgniter\Model->insert(Array, false)
#8 C:\xampp\htdocs\system-school-form\system\CodeIgniter.php(927): App\Controllers\AlternativeController->create()
#9 C:\xampp\htdocs\system-school-form\system\CodeIgniter.php(482): CodeIgniter\CodeIgniter->runController(Object(App\Controllers\AlternativeController))
#10 C:\xampp\htdocs\system-school-form\system\CodeIgniter.php(351): CodeIgniter\CodeIgniter->handleRequest(NULL, Object(Config\Cache), false)
#11 C:\xampp\htdocs\system-school-form\index.php(67): CodeIgniter\CodeIgniter->run()
#12 {main}
CRITICAL - 2023-11-23 06:47:39 --> Cannot add or update a child row: a foreign key constraint fails (`system-school-form`.`alternatives`, CONSTRAINT `fk_alternatives_items1` FOREIGN KEY (`item_id`) REFERENCES `items` (`id`) ON DELETE NO ACTION ON UPDATE NO ACTION)
in SYSTEMPATH\Database\MySQLi\Connection.php on line 292.
 1 SYSTEMPATH\Database\MySQLi\Connection.php(292): mysqli->query('INSERT INTO `alternatives` (`alternative`, `order`, `item_id`, `state_id`, `created_at`, `updated_at`) VALUES (\'Opción\', \'1\', \'undefined\', 1, \'2023-11-23 06:47:39\', \'2023-11-23 06:47:39\')', 0)
 2 SYSTEMPATH\Database\BaseConnection.php(666): CodeIgniter\Database\MySQLi\Connection->execute('INSERT INTO `alternatives` (`alternative`, `order`, `item_id`, `state_id`, `created_at`, `updated_at`) VALUES (\'Opción\', \'1\', \'undefined\', 1, \'2023-11-23 06:47:39\', \'2023-11-23 06:47:39\')')
 3 SYSTEMPATH\Database\BaseConnection.php(593): CodeIgniter\Database\BaseConnection->simpleQuery('INSERT INTO `alternatives` (`alternative`, `order`, `item_id`, `state_id`, `created_at`, `updated_at`) VALUES (\'Opción\', \'1\', \'undefined\', 1, \'2023-11-23 06:47:39\', \'2023-11-23 06:47:39\')')
 4 SYSTEMPATH\Database\BaseBuilder.php(1916): CodeIgniter\Database\BaseConnection->query('INSERT INTO `alternatives` (`alternative`, `order`, `item_id`, `state_id`, `created_at`, `updated_at`) VALUES (:alternative:, :order:, :item_id:, :state_id:, :created_at:, :updated_at:)', [...], false)
 5 SYSTEMPATH\Model.php(279): CodeIgniter\Database\BaseBuilder->insert()
 6 SYSTEMPATH\BaseModel.php(749): CodeIgniter\Model->doInsert([...])
 7 SYSTEMPATH\Model.php(667): CodeIgniter\BaseModel->insert([...], false)
 8 APPPATH\Controllers\AlternativeController.php(29): CodeIgniter\Model->insert([...], false)
 9 SYSTEMPATH\CodeIgniter.php(927): App\Controllers\AlternativeController->create()
10 SYSTEMPATH\CodeIgniter.php(482): CodeIgniter\CodeIgniter->runController(Object(App\Controllers\AlternativeController))
11 SYSTEMPATH\CodeIgniter.php(351): CodeIgniter\CodeIgniter->handleRequest(null, Object(Config\Cache), false)
12 FCPATH\index.php(67): CodeIgniter\CodeIgniter->run()
ERROR - 2023-11-23 06:47:54 --> mysqli_sql_exception: Cannot add or update a child row: a foreign key constraint fails (`system-school-form`.`alternatives`, CONSTRAINT `fk_alternatives_items1` FOREIGN KEY (`item_id`) REFERENCES `items` (`id`) ON DELETE NO ACTION ON UPDATE NO ACTION) in C:\xampp\htdocs\system-school-form\system\Database\MySQLi\Connection.php:292
Stack trace:
#0 C:\xampp\htdocs\system-school-form\system\Database\MySQLi\Connection.php(292): mysqli->query('INSERT INTO `al...', 0)
#1 C:\xampp\htdocs\system-school-form\system\Database\BaseConnection.php(666): CodeIgniter\Database\MySQLi\Connection->execute('INSERT INTO `al...')
#2 C:\xampp\htdocs\system-school-form\system\Database\BaseConnection.php(593): CodeIgniter\Database\BaseConnection->simpleQuery('INSERT INTO `al...')
#3 C:\xampp\htdocs\system-school-form\system\Database\BaseBuilder.php(1916): CodeIgniter\Database\BaseConnection->query('INSERT INTO `al...', Array, false)
#4 C:\xampp\htdocs\system-school-form\system\Model.php(279): CodeIgniter\Database\BaseBuilder->insert()
#5 C:\xampp\htdocs\system-school-form\system\BaseModel.php(749): CodeIgniter\Model->doInsert(Array)
#6 C:\xampp\htdocs\system-school-form\system\Model.php(667): CodeIgniter\BaseModel->insert(Array, false)
#7 C:\xampp\htdocs\system-school-form\app\Controllers\AlternativeController.php(29): CodeIgniter\Model->insert(Array, false)
#8 C:\xampp\htdocs\system-school-form\system\CodeIgniter.php(927): App\Controllers\AlternativeController->create()
#9 C:\xampp\htdocs\system-school-form\system\CodeIgniter.php(482): CodeIgniter\CodeIgniter->runController(Object(App\Controllers\AlternativeController))
#10 C:\xampp\htdocs\system-school-form\system\CodeIgniter.php(351): CodeIgniter\CodeIgniter->handleRequest(NULL, Object(Config\Cache), false)
#11 C:\xampp\htdocs\system-school-form\index.php(67): CodeIgniter\CodeIgniter->run()
#12 {main}
CRITICAL - 2023-11-23 06:47:54 --> Cannot add or update a child row: a foreign key constraint fails (`system-school-form`.`alternatives`, CONSTRAINT `fk_alternatives_items1` FOREIGN KEY (`item_id`) REFERENCES `items` (`id`) ON DELETE NO ACTION ON UPDATE NO ACTION)
in SYSTEMPATH\Database\MySQLi\Connection.php on line 292.
 1 SYSTEMPATH\Database\MySQLi\Connection.php(292): mysqli->query('INSERT INTO `alternatives` (`alternative`, `order`, `item_id`, `state_id`, `created_at`, `updated_at`) VALUES (\'Opción\', \'1\', \'undefined\', 1, \'2023-11-23 06:47:54\', \'2023-11-23 06:47:54\')', 0)
 2 SYSTEMPATH\Database\BaseConnection.php(666): CodeIgniter\Database\MySQLi\Connection->execute('INSERT INTO `alternatives` (`alternative`, `order`, `item_id`, `state_id`, `created_at`, `updated_at`) VALUES (\'Opción\', \'1\', \'undefined\', 1, \'2023-11-23 06:47:54\', \'2023-11-23 06:47:54\')')
 3 SYSTEMPATH\Database\BaseConnection.php(593): CodeIgniter\Database\BaseConnection->simpleQuery('INSERT INTO `alternatives` (`alternative`, `order`, `item_id`, `state_id`, `created_at`, `updated_at`) VALUES (\'Opción\', \'1\', \'undefined\', 1, \'2023-11-23 06:47:54\', \'2023-11-23 06:47:54\')')
 4 SYSTEMPATH\Database\BaseBuilder.php(1916): CodeIgniter\Database\BaseConnection->query('INSERT INTO `alternatives` (`alternative`, `order`, `item_id`, `state_id`, `created_at`, `updated_at`) VALUES (:alternative:, :order:, :item_id:, :state_id:, :created_at:, :updated_at:)', [...], false)
 5 SYSTEMPATH\Model.php(279): CodeIgniter\Database\BaseBuilder->insert()
 6 SYSTEMPATH\BaseModel.php(749): CodeIgniter\Model->doInsert([...])
 7 SYSTEMPATH\Model.php(667): CodeIgniter\BaseModel->insert([...], false)
 8 APPPATH\Controllers\AlternativeController.php(29): CodeIgniter\Model->insert([...], false)
 9 SYSTEMPATH\CodeIgniter.php(927): App\Controllers\AlternativeController->create()
10 SYSTEMPATH\CodeIgniter.php(482): CodeIgniter\CodeIgniter->runController(Object(App\Controllers\AlternativeController))
11 SYSTEMPATH\CodeIgniter.php(351): CodeIgniter\CodeIgniter->handleRequest(null, Object(Config\Cache), false)
12 FCPATH\index.php(67): CodeIgniter\CodeIgniter->run()
ERROR - 2023-11-23 06:48:33 --> mysqli_sql_exception: Cannot add or update a child row: a foreign key constraint fails (`system-school-form`.`alternatives`, CONSTRAINT `fk_alternatives_items1` FOREIGN KEY (`item_id`) REFERENCES `items` (`id`) ON DELETE NO ACTION ON UPDATE NO ACTION) in C:\xampp\htdocs\system-school-form\system\Database\MySQLi\Connection.php:292
Stack trace:
#0 C:\xampp\htdocs\system-school-form\system\Database\MySQLi\Connection.php(292): mysqli->query('INSERT INTO `al...', 0)
#1 C:\xampp\htdocs\system-school-form\system\Database\BaseConnection.php(666): CodeIgniter\Database\MySQLi\Connection->execute('INSERT INTO `al...')
#2 C:\xampp\htdocs\system-school-form\system\Database\BaseConnection.php(593): CodeIgniter\Database\BaseConnection->simpleQuery('INSERT INTO `al...')
#3 C:\xampp\htdocs\system-school-form\system\Database\BaseBuilder.php(1916): CodeIgniter\Database\BaseConnection->query('INSERT INTO `al...', Array, false)
#4 C:\xampp\htdocs\system-school-form\system\Model.php(279): CodeIgniter\Database\BaseBuilder->insert()
#5 C:\xampp\htdocs\system-school-form\system\BaseModel.php(749): CodeIgniter\Model->doInsert(Array)
#6 C:\xampp\htdocs\system-school-form\system\Model.php(667): CodeIgniter\BaseModel->insert(Array, false)
#7 C:\xampp\htdocs\system-school-form\app\Controllers\AlternativeController.php(29): CodeIgniter\Model->insert(Array, false)
#8 C:\xampp\htdocs\system-school-form\system\CodeIgniter.php(927): App\Controllers\AlternativeController->create()
#9 C:\xampp\htdocs\system-school-form\system\CodeIgniter.php(482): CodeIgniter\CodeIgniter->runController(Object(App\Controllers\AlternativeController))
#10 C:\xampp\htdocs\system-school-form\system\CodeIgniter.php(351): CodeIgniter\CodeIgniter->handleRequest(NULL, Object(Config\Cache), false)
#11 C:\xampp\htdocs\system-school-form\index.php(67): CodeIgniter\CodeIgniter->run()
#12 {main}
CRITICAL - 2023-11-23 06:48:33 --> Cannot add or update a child row: a foreign key constraint fails (`system-school-form`.`alternatives`, CONSTRAINT `fk_alternatives_items1` FOREIGN KEY (`item_id`) REFERENCES `items` (`id`) ON DELETE NO ACTION ON UPDATE NO ACTION)
in SYSTEMPATH\Database\MySQLi\Connection.php on line 292.
 1 SYSTEMPATH\Database\MySQLi\Connection.php(292): mysqli->query('INSERT INTO `alternatives` (`alternative`, `order`, `item_id`, `state_id`, `created_at`, `updated_at`) VALUES (\'Opción\', \'1\', \'undefined\', 1, \'2023-11-23 06:48:33\', \'2023-11-23 06:48:33\')', 0)
 2 SYSTEMPATH\Database\BaseConnection.php(666): CodeIgniter\Database\MySQLi\Connection->execute('INSERT INTO `alternatives` (`alternative`, `order`, `item_id`, `state_id`, `created_at`, `updated_at`) VALUES (\'Opción\', \'1\', \'undefined\', 1, \'2023-11-23 06:48:33\', \'2023-11-23 06:48:33\')')
 3 SYSTEMPATH\Database\BaseConnection.php(593): CodeIgniter\Database\BaseConnection->simpleQuery('INSERT INTO `alternatives` (`alternative`, `order`, `item_id`, `state_id`, `created_at`, `updated_at`) VALUES (\'Opción\', \'1\', \'undefined\', 1, \'2023-11-23 06:48:33\', \'2023-11-23 06:48:33\')')
 4 SYSTEMPATH\Database\BaseBuilder.php(1916): CodeIgniter\Database\BaseConnection->query('INSERT INTO `alternatives` (`alternative`, `order`, `item_id`, `state_id`, `created_at`, `updated_at`) VALUES (:alternative:, :order:, :item_id:, :state_id:, :created_at:, :updated_at:)', [...], false)
 5 SYSTEMPATH\Model.php(279): CodeIgniter\Database\BaseBuilder->insert()
 6 SYSTEMPATH\BaseModel.php(749): CodeIgniter\Model->doInsert([...])
 7 SYSTEMPATH\Model.php(667): CodeIgniter\BaseModel->insert([...], false)
 8 APPPATH\Controllers\AlternativeController.php(29): CodeIgniter\Model->insert([...], false)
 9 SYSTEMPATH\CodeIgniter.php(927): App\Controllers\AlternativeController->create()
10 SYSTEMPATH\CodeIgniter.php(482): CodeIgniter\CodeIgniter->runController(Object(App\Controllers\AlternativeController))
11 SYSTEMPATH\CodeIgniter.php(351): CodeIgniter\CodeIgniter->handleRequest(null, Object(Config\Cache), false)
12 FCPATH\index.php(67): CodeIgniter\CodeIgniter->run()
CRITICAL - 2023-11-23 10:54:56 --> Class "App\Controllers\Item" not found
in APPPATH\Controllers\AlternativeController.php on line 53.
 1 SYSTEMPATH\CodeIgniter.php(927): App\Controllers\AlternativeController->delete()
 2 SYSTEMPATH\CodeIgniter.php(482): CodeIgniter\CodeIgniter->runController(Object(App\Controllers\AlternativeController))
 3 SYSTEMPATH\CodeIgniter.php(351): CodeIgniter\CodeIgniter->handleRequest(null, Object(Config\Cache), false)
 4 FCPATH\index.php(67): CodeIgniter\CodeIgniter->run()
CRITICAL - 2023-11-23 19:18:58 --> Undefined property: App\Controllers\ItemController::$db
in APPPATH\Controllers\ItemController.php on line 160.
 1 APPPATH\Controllers\ItemController.php(160): CodeIgniter\Debug\Exceptions->errorHandler(2, 'Undefined property: App\\Controllers\\ItemController::$db', 'APPPATH\\Controllers\\ItemController.php', 160)
 2 SYSTEMPATH\CodeIgniter.php(927): App\Controllers\ItemController->update_items_order()
 3 SYSTEMPATH\CodeIgniter.php(482): CodeIgniter\CodeIgniter->runController(Object(App\Controllers\ItemController))
 4 SYSTEMPATH\CodeIgniter.php(351): CodeIgniter\CodeIgniter->handleRequest(null, Object(Config\Cache), false)
 5 FCPATH\index.php(67): CodeIgniter\CodeIgniter->run()
CRITICAL - 2023-11-23 19:27:42 --> Call to undefined method CodeIgniter\Database\MySQLi\Connection::update_batch()
in APPPATH\Controllers\ItemController.php on line 166.
 1 SYSTEMPATH\CodeIgniter.php(927): App\Controllers\ItemController->update_items_order()
 2 SYSTEMPATH\CodeIgniter.php(482): CodeIgniter\CodeIgniter->runController(Object(App\Controllers\ItemController))
 3 SYSTEMPATH\CodeIgniter.php(351): CodeIgniter\CodeIgniter->handleRequest(null, Object(Config\Cache), false)
 4 FCPATH\index.php(67): CodeIgniter\CodeIgniter->run()
