CRITICAL - 2023-12-07 05:44:53 --> Undefined constant "CodeIgniter\Debug\VENDORPATH"
in SYSTEMPATH\Debug\Exceptions.php on line 177.
 1 SYSTEMPATH\Debug\Exceptions.php(157): CodeIgniter\Debug\Exceptions->isFakerDeprecationError(8192, 'strlen(): Passing null to parameter #1 ($string) of type string is deprecated', 'APPPATH\\Views\\pages\\MyForms.php', 49)
 2 APPPATH\Views\pages\MyForms.php(49): CodeIgniter\Debug\Exceptions->errorHandler(8192, 'strlen(): Passing null to parameter #1 ($string) of type string is deprecated', 'APPPATH\\Views\\pages\\MyForms.php', 49)
 3 SYSTEMPATH\View\View.php(213): include('APPPATH\\Views\\pages\\MyForms.php')
 4 SYSTEMPATH\View\View.php(216): CodeIgniter\View\View->CodeIgniter\View\{closure}()
 5 SYSTEMPATH\Common.php(1134): CodeIgniter\View\View->render('pages/MyForms', [], true)
 6 APPPATH\Controllers\FormController.php(49): view('pages/MyForms', [...])
 7 SYSTEMPATH\CodeIgniter.php(927): App\Controllers\FormController->index_own()
 8 SYSTEMPATH\CodeIgniter.php(482): CodeIgniter\CodeIgniter->runController(Object(App\Controllers\FormController))
 9 SYSTEMPATH\CodeIgniter.php(351): CodeIgniter\CodeIgniter->handleRequest(null, Object(Config\Cache), false)
10 FCPATH\index.php(67): CodeIgniter\CodeIgniter->run()
11 SYSTEMPATH\Commands\Server\rewrite.php(46): require_once('FCPATH\\index.php')
CRITICAL - 2023-12-07 05:45:04 --> Undefined constant "CodeIgniter\Debug\VENDORPATH"
in SYSTEMPATH\Debug\Exceptions.php on line 177.
 1 SYSTEMPATH\Debug\Exceptions.php(157): CodeIgniter\Debug\Exceptions->isFakerDeprecationError(8192, 'strlen(): Passing null to parameter #1 ($string) of type string is deprecated', 'APPPATH\\Views\\pages\\MyForms.php', 49)
 2 APPPATH\Views\pages\MyForms.php(49): CodeIgniter\Debug\Exceptions->errorHandler(8192, 'strlen(): Passing null to parameter #1 ($string) of type string is deprecated', 'APPPATH\\Views\\pages\\MyForms.php', 49)
 3 SYSTEMPATH\View\View.php(213): include('APPPATH\\Views\\pages\\MyForms.php')
 4 SYSTEMPATH\View\View.php(216): CodeIgniter\View\View->CodeIgniter\View\{closure}()
 5 SYSTEMPATH\Common.php(1134): CodeIgniter\View\View->render('pages/MyForms', [], true)
 6 APPPATH\Controllers\FormController.php(49): view('pages/MyForms', [...])
 7 SYSTEMPATH\CodeIgniter.php(927): App\Controllers\FormController->index_own()
 8 SYSTEMPATH\CodeIgniter.php(482): CodeIgniter\CodeIgniter->runController(Object(App\Controllers\FormController))
 9 SYSTEMPATH\CodeIgniter.php(351): CodeIgniter\CodeIgniter->handleRequest(null, Object(Config\Cache), false)
10 FCPATH\index.php(67): CodeIgniter\CodeIgniter->run()
11 SYSTEMPATH\Commands\Server\rewrite.php(46): require_once('FCPATH\\index.php')
CRITICAL - 2023-12-07 05:45:14 --> Undefined constant "CodeIgniter\Debug\VENDORPATH"
in SYSTEMPATH\Debug\Exceptions.php on line 177.
 1 SYSTEMPATH\Debug\Exceptions.php(157): CodeIgniter\Debug\Exceptions->isFakerDeprecationError(8192, 'strlen(): Passing null to parameter #1 ($string) of type string is deprecated', 'APPPATH\\Views\\pages\\MyForms.php', 49)
 2 APPPATH\Views\pages\MyForms.php(49): CodeIgniter\Debug\Exceptions->errorHandler(8192, 'strlen(): Passing null to parameter #1 ($string) of type string is deprecated', 'APPPATH\\Views\\pages\\MyForms.php', 49)
 3 SYSTEMPATH\View\View.php(213): include('APPPATH\\Views\\pages\\MyForms.php')
 4 SYSTEMPATH\View\View.php(216): CodeIgniter\View\View->CodeIgniter\View\{closure}()
 5 SYSTEMPATH\Common.php(1134): CodeIgniter\View\View->render('pages/MyForms', [], true)
 6 APPPATH\Controllers\FormController.php(49): view('pages/MyForms', [...])
 7 SYSTEMPATH\CodeIgniter.php(927): App\Controllers\FormController->index_own()
 8 SYSTEMPATH\CodeIgniter.php(482): CodeIgniter\CodeIgniter->runController(Object(App\Controllers\FormController))
 9 SYSTEMPATH\CodeIgniter.php(351): CodeIgniter\CodeIgniter->handleRequest(null, Object(Config\Cache), false)
10 FCPATH\index.php(67): CodeIgniter\CodeIgniter->run()
11 SYSTEMPATH\Commands\Server\rewrite.php(46): require_once('FCPATH\\index.php')
CRITICAL - 2023-12-07 05:45:26 --> Undefined constant "CodeIgniter\Debug\VENDORPATH"
in SYSTEMPATH\Debug\Exceptions.php on line 177.
 1 SYSTEMPATH\Debug\Exceptions.php(157): CodeIgniter\Debug\Exceptions->isFakerDeprecationError(8192, 'strlen(): Passing null to parameter #1 ($string) of type string is deprecated', 'APPPATH\\Views\\pages\\MyForms.php', 49)
 2 APPPATH\Views\pages\MyForms.php(49): CodeIgniter\Debug\Exceptions->errorHandler(8192, 'strlen(): Passing null to parameter #1 ($string) of type string is deprecated', 'APPPATH\\Views\\pages\\MyForms.php', 49)
 3 SYSTEMPATH\View\View.php(213): include('APPPATH\\Views\\pages\\MyForms.php')
 4 SYSTEMPATH\View\View.php(216): CodeIgniter\View\View->CodeIgniter\View\{closure}()
 5 SYSTEMPATH\Common.php(1134): CodeIgniter\View\View->render('pages/MyForms', [], true)
 6 APPPATH\Controllers\FormController.php(49): view('pages/MyForms', [...])
 7 SYSTEMPATH\CodeIgniter.php(927): App\Controllers\FormController->index_own()
 8 SYSTEMPATH\CodeIgniter.php(482): CodeIgniter\CodeIgniter->runController(Object(App\Controllers\FormController))
 9 SYSTEMPATH\CodeIgniter.php(351): CodeIgniter\CodeIgniter->handleRequest(null, Object(Config\Cache), false)
10 FCPATH\index.php(67): CodeIgniter\CodeIgniter->run()
11 SYSTEMPATH\Commands\Server\rewrite.php(46): require_once('FCPATH\\index.php')
CRITICAL - 2023-12-07 05:46:19 --> Undefined constant "CodeIgniter\Debug\VENDORPATH"
in SYSTEMPATH\Debug\Exceptions.php on line 177.
 1 SYSTEMPATH\Debug\Exceptions.php(157): CodeIgniter\Debug\Exceptions->isFakerDeprecationError(8192, 'strlen(): Passing null to parameter #1 ($string) of type string is deprecated', 'APPPATH\\Views\\pages\\MyForms.php', 49)
 2 APPPATH\Views\pages\MyForms.php(49): CodeIgniter\Debug\Exceptions->errorHandler(8192, 'strlen(): Passing null to parameter #1 ($string) of type string is deprecated', 'APPPATH\\Views\\pages\\MyForms.php', 49)
 3 SYSTEMPATH\View\View.php(213): include('APPPATH\\Views\\pages\\MyForms.php')
 4 SYSTEMPATH\View\View.php(216): CodeIgniter\View\View->CodeIgniter\View\{closure}()
 5 SYSTEMPATH\Common.php(1134): CodeIgniter\View\View->render('pages/MyForms', [], true)
 6 APPPATH\Controllers\FormController.php(49): view('pages/MyForms', [...])
 7 SYSTEMPATH\CodeIgniter.php(927): App\Controllers\FormController->index_own()
 8 SYSTEMPATH\CodeIgniter.php(482): CodeIgniter\CodeIgniter->runController(Object(App\Controllers\FormController))
 9 SYSTEMPATH\CodeIgniter.php(351): CodeIgniter\CodeIgniter->handleRequest(null, Object(Config\Cache), false)
10 FCPATH\index.php(67): CodeIgniter\CodeIgniter->run()
11 SYSTEMPATH\Commands\Server\rewrite.php(46): require_once('FCPATH\\index.php')
CRITICAL - 2023-12-07 05:46:26 --> Undefined constant "CodeIgniter\Debug\VENDORPATH"
in SYSTEMPATH\Debug\Exceptions.php on line 177.
 1 SYSTEMPATH\Debug\Exceptions.php(157): CodeIgniter\Debug\Exceptions->isFakerDeprecationError(8192, 'strlen(): Passing null to parameter #1 ($string) of type string is deprecated', 'APPPATH\\Views\\pages\\MyForms.php', 49)
 2 APPPATH\Views\pages\MyForms.php(49): CodeIgniter\Debug\Exceptions->errorHandler(8192, 'strlen(): Passing null to parameter #1 ($string) of type string is deprecated', 'APPPATH\\Views\\pages\\MyForms.php', 49)
 3 SYSTEMPATH\View\View.php(213): include('APPPATH\\Views\\pages\\MyForms.php')
 4 SYSTEMPATH\View\View.php(216): CodeIgniter\View\View->CodeIgniter\View\{closure}()
 5 SYSTEMPATH\Common.php(1134): CodeIgniter\View\View->render('pages/MyForms', [], true)
 6 APPPATH\Controllers\FormController.php(49): view('pages/MyForms', [...])
 7 SYSTEMPATH\CodeIgniter.php(927): App\Controllers\FormController->index_own()
 8 SYSTEMPATH\CodeIgniter.php(482): CodeIgniter\CodeIgniter->runController(Object(App\Controllers\FormController))
 9 SYSTEMPATH\CodeIgniter.php(351): CodeIgniter\CodeIgniter->handleRequest(null, Object(Config\Cache), false)
10 FCPATH\index.php(67): CodeIgniter\CodeIgniter->run()
11 SYSTEMPATH\Commands\Server\rewrite.php(46): require_once('FCPATH\\index.php')
CRITICAL - 2023-12-07 06:01:08 --> preg_match(): Compilation failed: unmatched closing parenthesis at offset 22
in SYSTEMPATH\Router\Router.php on line 418.
 1 [internal function]: CodeIgniter\Debug\Exceptions->errorHandler(2, 'preg_match(): Compilation failed: unmatched closing parenthesis at offset 22', 'SYSTEMPATH\\Router\\Router.php', 418)
 2 SYSTEMPATH\Router\Router.php(418): preg_match('#^forms/([0-9]+)/update)$#u', 'testing', [])
 3 SYSTEMPATH\Router\Router.php(181): CodeIgniter\Router\Router->checkRoutes('testing')
 4 SYSTEMPATH\CodeIgniter.php(802): CodeIgniter\Router\Router->handle('testing')
 5 SYSTEMPATH\CodeIgniter.php(430): CodeIgniter\CodeIgniter->tryToRouteIt(Object(CodeIgniter\Router\RouteCollection))
 6 SYSTEMPATH\CodeIgniter.php(351): CodeIgniter\CodeIgniter->handleRequest(null, Object(Config\Cache), false)
 7 FCPATH\index.php(67): CodeIgniter\CodeIgniter->run()
 8 SYSTEMPATH\Commands\Server\rewrite.php(46): require_once('FCPATH\\index.php')
CRITICAL - 2023-12-07 06:02:08 --> preg_match(): Compilation failed: unmatched closing parenthesis at offset 22
in SYSTEMPATH\Router\Router.php on line 418.
 1 [internal function]: CodeIgniter\Debug\Exceptions->errorHandler(2, 'preg_match(): Compilation failed: unmatched closing parenthesis at offset 22', 'SYSTEMPATH\\Router\\Router.php', 418)
 2 SYSTEMPATH\Router\Router.php(418): preg_match('#^forms/([0-9]+)/update)$#u', 'testing', [])
 3 SYSTEMPATH\Router\Router.php(181): CodeIgniter\Router\Router->checkRoutes('testing')
 4 SYSTEMPATH\CodeIgniter.php(802): CodeIgniter\Router\Router->handle('testing')
 5 SYSTEMPATH\CodeIgniter.php(430): CodeIgniter\CodeIgniter->tryToRouteIt(Object(CodeIgniter\Router\RouteCollection))
 6 SYSTEMPATH\CodeIgniter.php(351): CodeIgniter\CodeIgniter->handleRequest(null, Object(Config\Cache), false)
 7 FCPATH\index.php(67): CodeIgniter\CodeIgniter->run()
 8 SYSTEMPATH\Commands\Server\rewrite.php(46): require_once('FCPATH\\index.php')
CRITICAL - 2023-12-07 06:03:08 --> preg_match(): Compilation failed: unmatched closing parenthesis at offset 22
in SYSTEMPATH\Router\Router.php on line 418.
 1 [internal function]: CodeIgniter\Debug\Exceptions->errorHandler(2, 'preg_match(): Compilation failed: unmatched closing parenthesis at offset 22', 'SYSTEMPATH\\Router\\Router.php', 418)
 2 SYSTEMPATH\Router\Router.php(418): preg_match('#^forms/([0-9]+)/update)$#u', 'testing', [])
 3 SYSTEMPATH\Router\Router.php(181): CodeIgniter\Router\Router->checkRoutes('testing')
 4 SYSTEMPATH\CodeIgniter.php(802): CodeIgniter\Router\Router->handle('testing')
 5 SYSTEMPATH\CodeIgniter.php(430): CodeIgniter\CodeIgniter->tryToRouteIt(Object(CodeIgniter\Router\RouteCollection))
 6 SYSTEMPATH\CodeIgniter.php(351): CodeIgniter\CodeIgniter->handleRequest(null, Object(Config\Cache), false)
 7 FCPATH\index.php(67): CodeIgniter\CodeIgniter->run()
 8 SYSTEMPATH\Commands\Server\rewrite.php(46): require_once('FCPATH\\index.php')
CRITICAL - 2023-12-07 06:03:48 --> preg_match(): Compilation failed: unmatched closing parenthesis at offset 22
in SYSTEMPATH\Router\Router.php on line 418.
 1 [internal function]: CodeIgniter\Debug\Exceptions->errorHandler(2, 'preg_match(): Compilation failed: unmatched closing parenthesis at offset 22', 'SYSTEMPATH\\Router\\Router.php', 418)
 2 SYSTEMPATH\Router\Router.php(418): preg_match('#^forms/([0-9]+)/update)$#u', 'testing', [])
 3 SYSTEMPATH\Router\Router.php(181): CodeIgniter\Router\Router->checkRoutes('testing')
 4 SYSTEMPATH\CodeIgniter.php(802): CodeIgniter\Router\Router->handle('testing')
 5 SYSTEMPATH\CodeIgniter.php(430): CodeIgniter\CodeIgniter->tryToRouteIt(Object(CodeIgniter\Router\RouteCollection))
 6 SYSTEMPATH\CodeIgniter.php(351): CodeIgniter\CodeIgniter->handleRequest(null, Object(Config\Cache), false)
 7 FCPATH\index.php(67): CodeIgniter\CodeIgniter->run()
 8 SYSTEMPATH\Commands\Server\rewrite.php(46): require_once('FCPATH\\index.php')
CRITICAL - 2023-12-07 06:04:06 --> preg_match(): Compilation failed: unmatched closing parenthesis at offset 22
in SYSTEMPATH\Router\Router.php on line 418.
 1 [internal function]: CodeIgniter\Debug\Exceptions->errorHandler(2, 'preg_match(): Compilation failed: unmatched closing parenthesis at offset 22', 'SYSTEMPATH\\Router\\Router.php', 418)
 2 SYSTEMPATH\Router\Router.php(418): preg_match('#^forms/([0-9]+)/update)$#u', 'testing', [])
 3 SYSTEMPATH\Router\Router.php(181): CodeIgniter\Router\Router->checkRoutes('testing')
 4 SYSTEMPATH\CodeIgniter.php(802): CodeIgniter\Router\Router->handle('testing')
 5 SYSTEMPATH\CodeIgniter.php(430): CodeIgniter\CodeIgniter->tryToRouteIt(Object(CodeIgniter\Router\RouteCollection))
 6 SYSTEMPATH\CodeIgniter.php(351): CodeIgniter\CodeIgniter->handleRequest(null, Object(Config\Cache), false)
 7 FCPATH\index.php(67): CodeIgniter\CodeIgniter->run()
 8 SYSTEMPATH\Commands\Server\rewrite.php(46): require_once('FCPATH\\index.php')
CRITICAL - 2023-12-07 06:04:17 --> preg_match(): Compilation failed: unmatched closing parenthesis at offset 22
in SYSTEMPATH\Router\Router.php on line 418.
 1 [internal function]: CodeIgniter\Debug\Exceptions->errorHandler(2, 'preg_match(): Compilation failed: unmatched closing parenthesis at offset 22', 'SYSTEMPATH\\Router\\Router.php', 418)
 2 SYSTEMPATH\Router\Router.php(418): preg_match('#^forms/([0-9]+)/update)$#u', 'forms/get-data-by-id', [])
 3 SYSTEMPATH\Router\Router.php(181): CodeIgniter\Router\Router->checkRoutes('forms/get-data-by-id')
 4 SYSTEMPATH\CodeIgniter.php(802): CodeIgniter\Router\Router->handle('forms/get-data-by-id')
 5 SYSTEMPATH\CodeIgniter.php(430): CodeIgniter\CodeIgniter->tryToRouteIt(Object(CodeIgniter\Router\RouteCollection))
 6 SYSTEMPATH\CodeIgniter.php(351): CodeIgniter\CodeIgniter->handleRequest(null, Object(Config\Cache), false)
 7 FCPATH\index.php(67): CodeIgniter\CodeIgniter->run()
 8 SYSTEMPATH\Commands\Server\rewrite.php(46): require_once('FCPATH\\index.php')
CRITICAL - 2023-12-07 06:38:45 --> Undefined variable $form_id
in APPPATH\Views\pages\MyForms.php on line 177.
 1 APPPATH\Views\pages\MyForms.php(177): CodeIgniter\Debug\Exceptions->errorHandler(2, 'Undefined variable $form_id', 'APPPATH\\Views\\pages\\MyForms.php', 177)
 2 SYSTEMPATH\View\View.php(213): include('APPPATH\\Views\\pages\\MyForms.php')
 3 SYSTEMPATH\View\View.php(216): CodeIgniter\View\View->CodeIgniter\View\{closure}()
 4 SYSTEMPATH\Common.php(1134): CodeIgniter\View\View->render('pages/MyForms', [], true)
 5 APPPATH\Controllers\FormController.php(49): view('pages/MyForms', [...])
 6 SYSTEMPATH\CodeIgniter.php(927): App\Controllers\FormController->index_own()
 7 SYSTEMPATH\CodeIgniter.php(482): CodeIgniter\CodeIgniter->runController(Object(App\Controllers\FormController))
 8 SYSTEMPATH\CodeIgniter.php(351): CodeIgniter\CodeIgniter->handleRequest(null, Object(Config\Cache), false)
 9 FCPATH\index.php(67): CodeIgniter\CodeIgniter->run()
10 SYSTEMPATH\Commands\Server\rewrite.php(46): require_once('FCPATH\\index.php')
CRITICAL - 2023-12-07 06:41:41 --> _get_uri(): Argument #1 ($relativePath) must be of type string, null given, called in D:\Downloads\system-school-form\system\Helpers\url_helper.php on line 87
in SYSTEMPATH\Helpers\url_helper.php on line 31.
 1 SYSTEMPATH\Helpers\url_helper.php(87): _get_uri(null, Object(Config\App))
 2 SYSTEMPATH\Helpers\url_helper.php(105): site_url(null, null, Object(Config\App))
 3 APPPATH\Views\pages\MyForms.php(173): base_url(null)
 4 SYSTEMPATH\View\View.php(213): include('APPPATH\\Views\\pages\\MyForms.php')
 5 SYSTEMPATH\View\View.php(216): CodeIgniter\View\View->CodeIgniter\View\{closure}()
 6 SYSTEMPATH\Common.php(1134): CodeIgniter\View\View->render('pages/MyForms', [], true)
 7 APPPATH\Controllers\FormController.php(49): view('pages/MyForms', [...])
 8 SYSTEMPATH\CodeIgniter.php(927): App\Controllers\FormController->index_own()
 9 SYSTEMPATH\CodeIgniter.php(482): CodeIgniter\CodeIgniter->runController(Object(App\Controllers\FormController))
10 SYSTEMPATH\CodeIgniter.php(351): CodeIgniter\CodeIgniter->handleRequest(null, Object(Config\Cache), false)
11 FCPATH\index.php(67): CodeIgniter\CodeIgniter->run()
12 SYSTEMPATH\Commands\Server\rewrite.php(46): require_once('FCPATH\\index.php')
CRITICAL - 2023-12-07 06:44:23 --> Class "App\Controllers\Item" not found
in APPPATH\Controllers\FormController.php on line 157.
 1 SYSTEMPATH\CodeIgniter.php(927): App\Controllers\FormController->config_items('3')
 2 SYSTEMPATH\CodeIgniter.php(482): CodeIgniter\CodeIgniter->runController(Object(App\Controllers\FormController))
 3 SYSTEMPATH\CodeIgniter.php(351): CodeIgniter\CodeIgniter->handleRequest(null, Object(Config\Cache), false)
 4 FCPATH\index.php(67): CodeIgniter\CodeIgniter->run()
 5 SYSTEMPATH\Commands\Server\rewrite.php(46): require_once('FCPATH\\index.php')
