CRITICAL - 2023-12-18 05:19:26 --> Undefined variable $alternatives_ids
in APPPATH\Controllers\InstitucionFormController.php on line 24.
 1 APPPATH\Controllers\InstitucionFormController.php(24): CodeIgniter\Debug\Exceptions->errorHandler(2, 'Undefined variable $alternatives_ids', 'APPPATH\\Controllers\\InstitucionFormController.php', 24)
 2 SYSTEMPATH\CodeIgniter.php(927): App\Controllers\InstitucionFormController->store()
 3 SYSTEMPATH\CodeIgniter.php(482): CodeIgniter\CodeIgniter->runController(Object(App\Controllers\InstitucionFormController))
 4 SYSTEMPATH\CodeIgniter.php(351): CodeIgniter\CodeIgniter->handleRequest(null, Object(Config\Cache), false)
 5 FCPATH\index.php(67): CodeIgniter\CodeIgniter->run()
 6 SYSTEMPATH\Commands\Server\rewrite.php(46): require_once('FCPATH\\index.php')
CRITICAL - 2023-12-18 05:34:14 --> Call to undefined method App\Models\InstitucionForm::get_institucion_form_ids_by_form_id
in SYSTEMPATH\Model.php on line 774.
 1 APPPATH\Controllers\InstitucionFormController.php(25): CodeIgniter\Model->__call('get_institucion_form_ids_by_form_id', [...])
 2 SYSTEMPATH\CodeIgniter.php(927): App\Controllers\InstitucionFormController->store()
 3 SYSTEMPATH\CodeIgniter.php(482): CodeIgniter\CodeIgniter->runController(Object(App\Controllers\InstitucionFormController))
 4 SYSTEMPATH\CodeIgniter.php(351): CodeIgniter\CodeIgniter->handleRequest(null, Object(Config\Cache), false)
 5 FCPATH\index.php(67): CodeIgniter\CodeIgniter->run()
 6 SYSTEMPATH\Commands\Server\rewrite.php(46): require_once('FCPATH\\index.php')
CRITICAL - 2023-12-18 05:34:45 --> Undefined variable $institucion_formss
in APPPATH\Models\InstitucionForm.php on line 56.
 1 APPPATH\Models\InstitucionForm.php(56): CodeIgniter\Debug\Exceptions->errorHandler(2, 'Undefined variable $institucion_formss', 'APPPATH\\Models\\InstitucionForm.php', 56)
 2 APPPATH\Controllers\InstitucionFormController.php(25): App\Models\InstitucionForm->get_institucion_forms_by_form_id('6')
 3 SYSTEMPATH\CodeIgniter.php(927): App\Controllers\InstitucionFormController->store()
 4 SYSTEMPATH\CodeIgniter.php(482): CodeIgniter\CodeIgniter->runController(Object(App\Controllers\InstitucionFormController))
 5 SYSTEMPATH\CodeIgniter.php(351): CodeIgniter\CodeIgniter->handleRequest(null, Object(Config\Cache), false)
 6 FCPATH\index.php(67): CodeIgniter\CodeIgniter->run()
 7 SYSTEMPATH\Commands\Server\rewrite.php(46): require_once('FCPATH\\index.php')
CRITICAL - 2023-12-18 05:56:32 --> Array to string conversion
in APPPATH\Controllers\InstitucionFormController.php on line 28.
 1 [internal function]: CodeIgniter\Debug\Exceptions->errorHandler(2, 'Array to string conversion', 'APPPATH\\Controllers\\InstitucionFormController.php', 28)
 2 APPPATH\Controllers\InstitucionFormController.php(28): array_diff([...], [...])
 3 SYSTEMPATH\CodeIgniter.php(927): App\Controllers\InstitucionFormController->store()
 4 SYSTEMPATH\CodeIgniter.php(482): CodeIgniter\CodeIgniter->runController(Object(App\Controllers\InstitucionFormController))
 5 SYSTEMPATH\CodeIgniter.php(351): CodeIgniter\CodeIgniter->handleRequest(null, Object(Config\Cache), false)
 6 FCPATH\index.php(67): CodeIgniter\CodeIgniter->run()
 7 SYSTEMPATH\Commands\Server\rewrite.php(46): require_once('FCPATH\\index.php')
CRITICAL - 2023-12-18 06:02:57 --> Undefined variable $xd
in APPPATH\Controllers\InstitucionFormController.php on line 33.
 1 APPPATH\Controllers\InstitucionFormController.php(33): CodeIgniter\Debug\Exceptions->errorHandler(2, 'Undefined variable $xd', 'APPPATH\\Controllers\\InstitucionFormController.php', 33)
 2 SYSTEMPATH\CodeIgniter.php(927): App\Controllers\InstitucionFormController->store()
 3 SYSTEMPATH\CodeIgniter.php(482): CodeIgniter\CodeIgniter->runController(Object(App\Controllers\InstitucionFormController))
 4 SYSTEMPATH\CodeIgniter.php(351): CodeIgniter\CodeIgniter->handleRequest(null, Object(Config\Cache), false)
 5 FCPATH\index.php(67): CodeIgniter\CodeIgniter->run()
 6 SYSTEMPATH\Commands\Server\rewrite.php(46): require_once('FCPATH\\index.php')
CRITICAL - 2023-12-18 06:48:26 --> Undefined variable $alternative_model
in APPPATH\Controllers\InstitucionFormController.php on line 44.
 1 APPPATH\Controllers\InstitucionFormController.php(44): CodeIgniter\Debug\Exceptions->errorHandler(2, 'Undefined variable $alternative_model', 'APPPATH\\Controllers\\InstitucionFormController.php', 44)
 2 SYSTEMPATH\CodeIgniter.php(927): App\Controllers\InstitucionFormController->store()
 3 SYSTEMPATH\CodeIgniter.php(482): CodeIgniter\CodeIgniter->runController(Object(App\Controllers\InstitucionFormController))
 4 SYSTEMPATH\CodeIgniter.php(351): CodeIgniter\CodeIgniter->handleRequest(null, Object(Config\Cache), false)
 5 FCPATH\index.php(67): CodeIgniter\CodeIgniter->run()
 6 SYSTEMPATH\Commands\Server\rewrite.php(46): require_once('FCPATH\\index.php')
CRITICAL - 2023-12-18 06:49:07 --> CodeIgniter\BaseModel::updateBatch(): Argument #2 ($index) must be of type ?string, array given, called in D:\Downloads\system-school-form\app\Controllers\InstitucionFormController.php on line 44
in SYSTEMPATH\BaseModel.php on line 911.
 1 APPPATH\Controllers\InstitucionFormController.php(44): CodeIgniter\BaseModel->updateBatch([...], [...])
 2 SYSTEMPATH\CodeIgniter.php(927): App\Controllers\InstitucionFormController->store()
 3 SYSTEMPATH\CodeIgniter.php(482): CodeIgniter\CodeIgniter->runController(Object(App\Controllers\InstitucionFormController))
 4 SYSTEMPATH\CodeIgniter.php(351): CodeIgniter\CodeIgniter->handleRequest(null, Object(Config\Cache), false)
 5 FCPATH\index.php(67): CodeIgniter\CodeIgniter->run()
 6 SYSTEMPATH\Commands\Server\rewrite.php(46): require_once('FCPATH\\index.php')
CRITICAL - 2023-12-18 07:07:08 --> CodeIgniter\BaseModel::transformDataToArray(): Return value must be of type array, string returned
in SYSTEMPATH\BaseModel.php on line 1624.
 1 SYSTEMPATH\BaseModel.php(853): CodeIgniter\BaseModel->transformDataToArray('institution_id = 1391 AND form_id = 6', 'update')
 2 SYSTEMPATH\Model.php(693): CodeIgniter\BaseModel->update([...], 'institution_id = 1391 AND form_id = 6')
 3 APPPATH\Controllers\InstitucionFormController.php(42): CodeIgniter\Model->update([...], 'institution_id = 1391 AND form_id = 6')
 4 SYSTEMPATH\CodeIgniter.php(927): App\Controllers\InstitucionFormController->store()
 5 SYSTEMPATH\CodeIgniter.php(482): CodeIgniter\CodeIgniter->runController(Object(App\Controllers\InstitucionFormController))
 6 SYSTEMPATH\CodeIgniter.php(351): CodeIgniter\CodeIgniter->handleRequest(null, Object(Config\Cache), false)
 7 FCPATH\index.php(67): CodeIgniter\CodeIgniter->run()
 8 SYSTEMPATH\Commands\Server\rewrite.php(46): require_once('FCPATH\\index.php')
CRITICAL - 2023-12-18 07:15:42 --> There is no data to update.
in SYSTEMPATH\BaseModel.php on line 1598.
 1 SYSTEMPATH\BaseModel.php(1598): CodeIgniter\Database\Exceptions\DataException::forEmptyDataset('update')
 2 SYSTEMPATH\BaseModel.php(853): CodeIgniter\BaseModel->transformDataToArray(null, 'update')
 3 SYSTEMPATH\Model.php(693): CodeIgniter\BaseModel->update([...], null)
 4 APPPATH\Controllers\InstitucionFormController.php(44): CodeIgniter\Model->update([...])
 5 SYSTEMPATH\CodeIgniter.php(927): App\Controllers\InstitucionFormController->store()
 6 SYSTEMPATH\CodeIgniter.php(482): CodeIgniter\CodeIgniter->runController(Object(App\Controllers\InstitucionFormController))
 7 SYSTEMPATH\CodeIgniter.php(351): CodeIgniter\CodeIgniter->handleRequest(null, Object(Config\Cache), false)
 8 FCPATH\index.php(67): CodeIgniter\CodeIgniter->run()
 9 SYSTEMPATH\Commands\Server\rewrite.php(46): require_once('FCPATH\\index.php')
CRITICAL - 2023-12-18 07:55:25 --> There is no data to update.
in SYSTEMPATH\BaseModel.php on line 1598.
 1 SYSTEMPATH\BaseModel.php(1598): CodeIgniter\Database\Exceptions\DataException::forEmptyDataset('update')
 2 SYSTEMPATH\BaseModel.php(853): CodeIgniter\BaseModel->transformDataToArray(null, 'update')
 3 SYSTEMPATH\Model.php(693): CodeIgniter\BaseModel->update([...], null)
 4 APPPATH\Controllers\InstitucionFormController.php(44): CodeIgniter\Model->update([...])
 5 SYSTEMPATH\CodeIgniter.php(927): App\Controllers\InstitucionFormController->store()
 6 SYSTEMPATH\CodeIgniter.php(482): CodeIgniter\CodeIgniter->runController(Object(App\Controllers\InstitucionFormController))
 7 SYSTEMPATH\CodeIgniter.php(351): CodeIgniter\CodeIgniter->handleRequest(null, Object(Config\Cache), false)
 8 FCPATH\index.php(67): CodeIgniter\CodeIgniter->run()
 9 SYSTEMPATH\Commands\Server\rewrite.php(46): require_once('FCPATH\\index.php')
CRITICAL - 2023-12-18 08:01:39 --> Call to a member function update() on array
in APPPATH\Controllers\InstitucionFormController.php on line 45.
 1 SYSTEMPATH\CodeIgniter.php(927): App\Controllers\InstitucionFormController->store()
 2 SYSTEMPATH\CodeIgniter.php(482): CodeIgniter\CodeIgniter->runController(Object(App\Controllers\InstitucionFormController))
 3 SYSTEMPATH\CodeIgniter.php(351): CodeIgniter\CodeIgniter->handleRequest(null, Object(Config\Cache), false)
 4 FCPATH\index.php(67): CodeIgniter\CodeIgniter->run()
 5 SYSTEMPATH\Commands\Server\rewrite.php(46): require_once('FCPATH\\index.php')
CRITICAL - 2023-12-18 08:02:10 --> There is no data to update.
in SYSTEMPATH\BaseModel.php on line 1598.
 1 SYSTEMPATH\BaseModel.php(1598): CodeIgniter\Database\Exceptions\DataException::forEmptyDataset('update')
 2 SYSTEMPATH\BaseModel.php(853): CodeIgniter\BaseModel->transformDataToArray(null, 'update')
 3 SYSTEMPATH\Model.php(693): CodeIgniter\BaseModel->update([...], null)
 4 APPPATH\Controllers\InstitucionFormController.php(44): CodeIgniter\Model->update([...])
 5 SYSTEMPATH\CodeIgniter.php(927): App\Controllers\InstitucionFormController->store()
 6 SYSTEMPATH\CodeIgniter.php(482): CodeIgniter\CodeIgniter->runController(Object(App\Controllers\InstitucionFormController))
 7 SYSTEMPATH\CodeIgniter.php(351): CodeIgniter\CodeIgniter->handleRequest(null, Object(Config\Cache), false)
 8 FCPATH\index.php(67): CodeIgniter\CodeIgniter->run()
 9 SYSTEMPATH\Commands\Server\rewrite.php(46): require_once('FCPATH\\index.php')
CRITICAL - 2023-12-18 08:19:54 --> Call to undefined method CodeIgniter\Database\MySQLi\Builder::getResult()
in APPPATH\Controllers\InstitucionFormController.php on line 46.
 1 SYSTEMPATH\CodeIgniter.php(927): App\Controllers\InstitucionFormController->store()
 2 SYSTEMPATH\CodeIgniter.php(482): CodeIgniter\CodeIgniter->runController(Object(App\Controllers\InstitucionFormController))
 3 SYSTEMPATH\CodeIgniter.php(351): CodeIgniter\CodeIgniter->handleRequest(null, Object(Config\Cache), false)
 4 FCPATH\index.php(67): CodeIgniter\CodeIgniter->run()
 5 SYSTEMPATH\Commands\Server\rewrite.php(46): require_once('FCPATH\\index.php')
CRITICAL - 2023-12-18 08:21:06 --> array_unique(): Argument #1 ($array) must be of type array, null given
in APPPATH\Controllers\InstitucionFormController.php on line 29.
 1 APPPATH\Controllers\InstitucionFormController.php(29): array_unique(null)
 2 SYSTEMPATH\CodeIgniter.php(927): App\Controllers\InstitucionFormController->store()
 3 SYSTEMPATH\CodeIgniter.php(482): CodeIgniter\CodeIgniter->runController(Object(App\Controllers\InstitucionFormController))
 4 SYSTEMPATH\CodeIgniter.php(351): CodeIgniter\CodeIgniter->handleRequest(null, Object(Config\Cache), false)
 5 FCPATH\index.php(67): CodeIgniter\CodeIgniter->run()
 6 SYSTEMPATH\Commands\Server\rewrite.php(46): require_once('FCPATH\\index.php')
CRITICAL - 2023-12-18 08:23:05 --> Call to undefined function App\Controllers\len()
in APPPATH\Controllers\InstitucionFormController.php on line 27.
 1 SYSTEMPATH\CodeIgniter.php(927): App\Controllers\InstitucionFormController->store()
 2 SYSTEMPATH\CodeIgniter.php(482): CodeIgniter\CodeIgniter->runController(Object(App\Controllers\InstitucionFormController))
 3 SYSTEMPATH\CodeIgniter.php(351): CodeIgniter\CodeIgniter->handleRequest(null, Object(Config\Cache), false)
 4 FCPATH\index.php(67): CodeIgniter\CodeIgniter->run()
 5 SYSTEMPATH\Commands\Server\rewrite.php(46): require_once('FCPATH\\index.php')
CRITICAL - 2023-12-18 08:23:17 --> Call to undefined function App\Controllers\len()
in APPPATH\Controllers\InstitucionFormController.php on line 27.
 1 SYSTEMPATH\CodeIgniter.php(927): App\Controllers\InstitucionFormController->store()
 2 SYSTEMPATH\CodeIgniter.php(482): CodeIgniter\CodeIgniter->runController(Object(App\Controllers\InstitucionFormController))
 3 SYSTEMPATH\CodeIgniter.php(351): CodeIgniter\CodeIgniter->handleRequest(null, Object(Config\Cache), false)
 4 FCPATH\index.php(67): CodeIgniter\CodeIgniter->run()
 5 SYSTEMPATH\Commands\Server\rewrite.php(46): require_once('FCPATH\\index.php')
CRITICAL - 2023-12-18 08:23:22 --> Call to undefined function App\Controllers\len()
in APPPATH\Controllers\InstitucionFormController.php on line 27.
 1 SYSTEMPATH\CodeIgniter.php(927): App\Controllers\InstitucionFormController->store()
 2 SYSTEMPATH\CodeIgniter.php(482): CodeIgniter\CodeIgniter->runController(Object(App\Controllers\InstitucionFormController))
 3 SYSTEMPATH\CodeIgniter.php(351): CodeIgniter\CodeIgniter->handleRequest(null, Object(Config\Cache), false)
 4 FCPATH\index.php(67): CodeIgniter\CodeIgniter->run()
 5 SYSTEMPATH\Commands\Server\rewrite.php(46): require_once('FCPATH\\index.php')
CRITICAL - 2023-12-18 08:23:56 --> count(): Argument #1 ($value) must be of type Countable|array, null given
in APPPATH\Controllers\InstitucionFormController.php on line 28.
 1 APPPATH\Controllers\InstitucionFormController.php(28): count(null)
 2 SYSTEMPATH\CodeIgniter.php(927): App\Controllers\InstitucionFormController->store()
 3 SYSTEMPATH\CodeIgniter.php(482): CodeIgniter\CodeIgniter->runController(Object(App\Controllers\InstitucionFormController))
 4 SYSTEMPATH\CodeIgniter.php(351): CodeIgniter\CodeIgniter->handleRequest(null, Object(Config\Cache), false)
 5 FCPATH\index.php(67): CodeIgniter\CodeIgniter->run()
 6 SYSTEMPATH\Commands\Server\rewrite.php(46): require_once('FCPATH\\index.php')
ERROR - 2023-12-18 08:24:39 --> mysqli_sql_exception: You have an error in your SQL syntax; check the manual that corresponds to your MariaDB server version for the right syntax to use near ')
AND `form_id` = '6'' at line 2 in D:\Downloads\system-school-form\system\Database\MySQLi\Connection.php:292
Stack trace:
#0 D:\Downloads\system-school-form\system\Database\MySQLi\Connection.php(292): mysqli->query('UPDATE `institu...', 0)
#1 D:\Downloads\system-school-form\system\Database\BaseConnection.php(666): CodeIgniter\Database\MySQLi\Connection->execute('UPDATE `institu...')
#2 D:\Downloads\system-school-form\system\Database\BaseConnection.php(593): CodeIgniter\Database\BaseConnection->simpleQuery('UPDATE `institu...')
#3 D:\Downloads\system-school-form\system\Database\BaseBuilder.php(2079): CodeIgniter\Database\BaseConnection->query('UPDATE `institu...', Array, false)
#4 D:\Downloads\system-school-form\app\Controllers\InstitucionFormController.php(46): CodeIgniter\Database\BaseBuilder->update(Array)
#5 D:\Downloads\system-school-form\system\CodeIgniter.php(927): App\Controllers\InstitucionFormController->store()
#6 D:\Downloads\system-school-form\system\CodeIgniter.php(482): CodeIgniter\CodeIgniter->runController(Object(App\Controllers\InstitucionFormController))
#7 D:\Downloads\system-school-form\system\CodeIgniter.php(351): CodeIgniter\CodeIgniter->handleRequest(NULL, Object(Config\Cache), false)
#8 D:\Downloads\system-school-form\public\index.php(67): CodeIgniter\CodeIgniter->run()
#9 D:\Downloads\system-school-form\system\Commands\Server\rewrite.php(46): require_once('D:\\Downloads\\sy...')
#10 {main}
CRITICAL - 2023-12-18 08:24:39 --> You have an error in your SQL syntax; check the manual that corresponds to your MariaDB server version for the right syntax to use near ')
AND `form_id` = '6'' at line 2
in SYSTEMPATH\Database\MySQLi\Connection.php on line 292.
 1 SYSTEMPATH\Database\MySQLi\Connection.php(292): mysqli->query('UPDATE `institucion_form` SET `state_id` = 2
WHERE `institution_id` IN ()
AND `form_id` = \'6\'', 0)
 2 SYSTEMPATH\Database\BaseConnection.php(666): CodeIgniter\Database\MySQLi\Connection->execute('UPDATE `institucion_form` SET `state_id` = 2
WHERE `institution_id` IN ()
AND `form_id` = \'6\'')
 3 SYSTEMPATH\Database\BaseConnection.php(593): CodeIgniter\Database\BaseConnection->simpleQuery('UPDATE `institucion_form` SET `state_id` = 2
WHERE `institution_id` IN ()
AND `form_id` = \'6\'')
 4 SYSTEMPATH\Database\BaseBuilder.php(2079): CodeIgniter\Database\BaseConnection->query('UPDATE `institucion_form` SET `state_id` = :state_id:
WHERE `institution_id` IN :institution_id:
AND `form_id` = :form_id:', [...], false)
 5 APPPATH\Controllers\InstitucionFormController.php(46): CodeIgniter\Database\BaseBuilder->update([...])
 6 SYSTEMPATH\CodeIgniter.php(927): App\Controllers\InstitucionFormController->store()
 7 SYSTEMPATH\CodeIgniter.php(482): CodeIgniter\CodeIgniter->runController(Object(App\Controllers\InstitucionFormController))
 8 SYSTEMPATH\CodeIgniter.php(351): CodeIgniter\CodeIgniter->handleRequest(null, Object(Config\Cache), false)
 9 FCPATH\index.php(67): CodeIgniter\CodeIgniter->run()
10 SYSTEMPATH\Commands\Server\rewrite.php(46): require_once('FCPATH\\index.php')
ERROR - 2023-12-18 08:25:29 --> mysqli_sql_exception: You have an error in your SQL syntax; check the manual that corresponds to your MariaDB server version for the right syntax to use near ')
AND `form_id` = '6'' at line 2 in D:\Downloads\system-school-form\system\Database\MySQLi\Connection.php:292
Stack trace:
#0 D:\Downloads\system-school-form\system\Database\MySQLi\Connection.php(292): mysqli->query('UPDATE `institu...', 0)
#1 D:\Downloads\system-school-form\system\Database\BaseConnection.php(666): CodeIgniter\Database\MySQLi\Connection->execute('UPDATE `institu...')
#2 D:\Downloads\system-school-form\system\Database\BaseConnection.php(593): CodeIgniter\Database\BaseConnection->simpleQuery('UPDATE `institu...')
#3 D:\Downloads\system-school-form\system\Database\BaseBuilder.php(2079): CodeIgniter\Database\BaseConnection->query('UPDATE `institu...', Array, false)
#4 D:\Downloads\system-school-form\app\Controllers\InstitucionFormController.php(46): CodeIgniter\Database\BaseBuilder->update(Array)
#5 D:\Downloads\system-school-form\system\CodeIgniter.php(927): App\Controllers\InstitucionFormController->store()
#6 D:\Downloads\system-school-form\system\CodeIgniter.php(482): CodeIgniter\CodeIgniter->runController(Object(App\Controllers\InstitucionFormController))
#7 D:\Downloads\system-school-form\system\CodeIgniter.php(351): CodeIgniter\CodeIgniter->handleRequest(NULL, Object(Config\Cache), false)
#8 D:\Downloads\system-school-form\public\index.php(67): CodeIgniter\CodeIgniter->run()
#9 D:\Downloads\system-school-form\system\Commands\Server\rewrite.php(46): require_once('D:\\Downloads\\sy...')
#10 {main}
CRITICAL - 2023-12-18 08:25:29 --> You have an error in your SQL syntax; check the manual that corresponds to your MariaDB server version for the right syntax to use near ')
AND `form_id` = '6'' at line 2
in SYSTEMPATH\Database\MySQLi\Connection.php on line 292.
 1 SYSTEMPATH\Database\MySQLi\Connection.php(292): mysqli->query('UPDATE `institucion_form` SET `state_id` = 2
WHERE `institution_id` IN ()
AND `form_id` = \'6\'', 0)
 2 SYSTEMPATH\Database\BaseConnection.php(666): CodeIgniter\Database\MySQLi\Connection->execute('UPDATE `institucion_form` SET `state_id` = 2
WHERE `institution_id` IN ()
AND `form_id` = \'6\'')
 3 SYSTEMPATH\Database\BaseConnection.php(593): CodeIgniter\Database\BaseConnection->simpleQuery('UPDATE `institucion_form` SET `state_id` = 2
WHERE `institution_id` IN ()
AND `form_id` = \'6\'')
 4 SYSTEMPATH\Database\BaseBuilder.php(2079): CodeIgniter\Database\BaseConnection->query('UPDATE `institucion_form` SET `state_id` = :state_id:
WHERE `institution_id` IN :institution_id:
AND `form_id` = :form_id:', [...], false)
 5 APPPATH\Controllers\InstitucionFormController.php(46): CodeIgniter\Database\BaseBuilder->update([...])
 6 SYSTEMPATH\CodeIgniter.php(927): App\Controllers\InstitucionFormController->store()
 7 SYSTEMPATH\CodeIgniter.php(482): CodeIgniter\CodeIgniter->runController(Object(App\Controllers\InstitucionFormController))
 8 SYSTEMPATH\CodeIgniter.php(351): CodeIgniter\CodeIgniter->handleRequest(null, Object(Config\Cache), false)
 9 FCPATH\index.php(67): CodeIgniter\CodeIgniter->run()
10 SYSTEMPATH\Commands\Server\rewrite.php(46): require_once('FCPATH\\index.php')
CRITICAL - 2023-12-18 08:26:46 --> Undefined variable $instituciones_ids_to_insert
in APPPATH\Controllers\InstitucionFormController.php on line 58.
 1 APPPATH\Controllers\InstitucionFormController.php(58): CodeIgniter\Debug\Exceptions->errorHandler(2, 'Undefined variable $instituciones_ids_to_insert', 'APPPATH\\Controllers\\InstitucionFormController.php', 58)
 2 SYSTEMPATH\CodeIgniter.php(927): App\Controllers\InstitucionFormController->store()
 3 SYSTEMPATH\CodeIgniter.php(482): CodeIgniter\CodeIgniter->runController(Object(App\Controllers\InstitucionFormController))
 4 SYSTEMPATH\CodeIgniter.php(351): CodeIgniter\CodeIgniter->handleRequest(null, Object(Config\Cache), false)
 5 FCPATH\index.php(67): CodeIgniter\CodeIgniter->run()
 6 SYSTEMPATH\Commands\Server\rewrite.php(46): require_once('FCPATH\\index.php')
CRITICAL - 2023-12-18 08:27:45 --> Undefined property: CodeIgniter\Database\MySQLi\Builder::$get
in APPPATH\Controllers\InstitucionFormController.php on line 50.
 1 APPPATH\Controllers\InstitucionFormController.php(50): CodeIgniter\Debug\Exceptions->errorHandler(2, 'Undefined property: CodeIgniter\\Database\\MySQLi\\Builder::$get', 'APPPATH\\Controllers\\InstitucionFormController.php', 50)
 2 SYSTEMPATH\CodeIgniter.php(927): App\Controllers\InstitucionFormController->store()
 3 SYSTEMPATH\CodeIgniter.php(482): CodeIgniter\CodeIgniter->runController(Object(App\Controllers\InstitucionFormController))
 4 SYSTEMPATH\CodeIgniter.php(351): CodeIgniter\CodeIgniter->handleRequest(null, Object(Config\Cache), false)
 5 FCPATH\index.php(67): CodeIgniter\CodeIgniter->run()
 6 SYSTEMPATH\Commands\Server\rewrite.php(46): require_once('FCPATH\\index.php')
CRITICAL - 2023-12-18 08:29:54 --> insertBatch() called with no data
in SYSTEMPATH\Database\BaseBuilder.php on line 1749.
 1 SYSTEMPATH\Model.php(312): CodeIgniter\Database\BaseBuilder->insertBatch([], null, 100)
 2 SYSTEMPATH\BaseModel.php(835): CodeIgniter\Model->doInsertBatch([], null, 100, false)
 3 APPPATH\Controllers\InstitucionFormController.php(61): CodeIgniter\BaseModel->insertBatch([])
 4 SYSTEMPATH\CodeIgniter.php(927): App\Controllers\InstitucionFormController->store()
 5 SYSTEMPATH\CodeIgniter.php(482): CodeIgniter\CodeIgniter->runController(Object(App\Controllers\InstitucionFormController))
 6 SYSTEMPATH\CodeIgniter.php(351): CodeIgniter\CodeIgniter->handleRequest(null, Object(Config\Cache), false)
 7 FCPATH\index.php(67): CodeIgniter\CodeIgniter->run()
 8 SYSTEMPATH\Commands\Server\rewrite.php(46): require_once('FCPATH\\index.php')
CRITICAL - 2023-12-18 22:34:52 --> Call to undefined function len()
in APPPATH\Views\pages\form\AsignInstitution.php on line 19.
 1 SYSTEMPATH\View\View.php(213): include()
 2 SYSTEMPATH\View\View.php(216): CodeIgniter\View\View->CodeIgniter\View\{closure}()
 3 SYSTEMPATH\Common.php(1134): CodeIgniter\View\View->render('pages/form/AsignInstitution', [], true)
 4 APPPATH\Controllers\FormController.php(219): view('pages/form/AsignInstitution', [...])
 5 SYSTEMPATH\CodeIgniter.php(927): App\Controllers\FormController->asign_institutions('6')
 6 SYSTEMPATH\CodeIgniter.php(482): CodeIgniter\CodeIgniter->runController(Object(App\Controllers\FormController))
 7 SYSTEMPATH\CodeIgniter.php(351): CodeIgniter\CodeIgniter->handleRequest(null, Object(Config\Cache), false)
 8 FCPATH\index.php(67): CodeIgniter\CodeIgniter->run()
 9 SYSTEMPATH\Commands\Server\rewrite.php(46): require_once('FCPATH\\index.php')
CRITICAL - 2023-12-18 23:22:49 --> Class "App\Controllers\Funciones" not found
in APPPATH\Controllers\InstitucionController.php on line 23.
 1 SYSTEMPATH\CodeIgniter.php(927): App\Controllers\InstitucionController->asign_forms()
 2 SYSTEMPATH\CodeIgniter.php(482): CodeIgniter\CodeIgniter->runController(Object(App\Controllers\InstitucionController))
 3 SYSTEMPATH\CodeIgniter.php(351): CodeIgniter\CodeIgniter->handleRequest(null, Object(Config\Cache), false)
 4 FCPATH\index.php(67): CodeIgniter\CodeIgniter->run()
 5 SYSTEMPATH\Commands\Server\rewrite.php(46): require_once('FCPATH\\index.php')
CRITICAL - 2023-12-18 23:23:00 --> Class "App\Controllers\Funciones" not found
in APPPATH\Controllers\InstitucionController.php on line 23.
 1 SYSTEMPATH\CodeIgniter.php(927): App\Controllers\InstitucionController->asign_forms()
 2 SYSTEMPATH\CodeIgniter.php(482): CodeIgniter\CodeIgniter->runController(Object(App\Controllers\InstitucionController))
 3 SYSTEMPATH\CodeIgniter.php(351): CodeIgniter\CodeIgniter->handleRequest(null, Object(Config\Cache), false)
 4 FCPATH\index.php(67): CodeIgniter\CodeIgniter->run()
 5 SYSTEMPATH\Commands\Server\rewrite.php(46): require_once('FCPATH\\index.php')
CRITICAL - 2023-12-18 23:57:26 --> Too few arguments to function App\Controllers\FormController::show_form(), 1 passed in D:\Downloads\system-school-form\system\CodeIgniter.php on line 927 and exactly 2 expected
in APPPATH\Controllers\FormController.php on line 244.
 1 SYSTEMPATH\CodeIgniter.php(927): App\Controllers\FormController->show_form('13906')
 2 SYSTEMPATH\CodeIgniter.php(482): CodeIgniter\CodeIgniter->runController(Object(App\Controllers\FormController))
 3 SYSTEMPATH\CodeIgniter.php(351): CodeIgniter\CodeIgniter->handleRequest(null, Object(Config\Cache), false)
 4 FCPATH\index.php(67): CodeIgniter\CodeIgniter->run()
 5 SYSTEMPATH\Commands\Server\rewrite.php(46): require_once('FCPATH\\index.php')
