CRITICAL - 2023-11-13 05:54:34 --> Call to undefined function len()
in APPPATH\Views\pages\ConfigAspects.php on line 59.
 1 SYSTEMPATH\View\View.php(213): include()
 2 SYSTEMPATH\View\View.php(216): CodeIgniter\View\View->CodeIgniter\View\{closure}()
 3 SYSTEMPATH\Common.php(1134): CodeIgniter\View\View->render('pages/ConfigAspects', [], true)
 4 APPPATH\Controllers\FormController.php(88): view('pages/ConfigAspects', [...])
 5 SYSTEMPATH\CodeIgniter.php(927): App\Controllers\FormController->config_aspects('2')
 6 SYSTEMPATH\CodeIgniter.php(482): CodeIgniter\CodeIgniter->runController(Object(App\Controllers\FormController))
 7 SYSTEMPATH\CodeIgniter.php(351): CodeIgniter\CodeIgniter->handleRequest(null, Object(Config\Cache), false)
 8 FCPATH\index.php(67): CodeIgniter\CodeIgniter->run()
CRITICAL - 2023-11-13 05:54:47 --> Call to undefined function len()
in APPPATH\Views\pages\ConfigAspects.php on line 59.
 1 SYSTEMPATH\View\View.php(213): include()
 2 SYSTEMPATH\View\View.php(216): CodeIgniter\View\View->CodeIgniter\View\{closure}()
 3 SYSTEMPATH\Common.php(1134): CodeIgniter\View\View->render('pages/ConfigAspects', [], true)
 4 APPPATH\Controllers\FormController.php(88): view('pages/ConfigAspects', [...])
 5 SYSTEMPATH\CodeIgniter.php(927): App\Controllers\FormController->config_aspects('2')
 6 SYSTEMPATH\CodeIgniter.php(482): CodeIgniter\CodeIgniter->runController(Object(App\Controllers\FormController))
 7 SYSTEMPATH\CodeIgniter.php(351): CodeIgniter\CodeIgniter->handleRequest(null, Object(Config\Cache), false)
 8 FCPATH\index.php(67): CodeIgniter\CodeIgniter->run()
CRITICAL - 2023-11-13 05:55:47 --> Attempt to read property "order" on null
in APPPATH\Controllers\AspectController.php on line 23.
 1 APPPATH\Controllers\AspectController.php(23): CodeIgniter\Debug\Exceptions->errorHandler(2, 'Attempt to read property "order" on null', 'APPPATH\\Controllers\\AspectController.php', 23)
 2 SYSTEMPATH\CodeIgniter.php(927): App\Controllers\AspectController->create()
 3 SYSTEMPATH\CodeIgniter.php(482): CodeIgniter\CodeIgniter->runController(Object(App\Controllers\AspectController))
 4 SYSTEMPATH\CodeIgniter.php(351): CodeIgniter\CodeIgniter->handleRequest(null, Object(Config\Cache), false)
 5 FCPATH\index.php(67): CodeIgniter\CodeIgniter->run()
CRITICAL - 2023-11-13 05:55:59 --> Attempt to read property "order" on null
in APPPATH\Controllers\AspectController.php on line 23.
 1 APPPATH\Controllers\AspectController.php(23): CodeIgniter\Debug\Exceptions->errorHandler(2, 'Attempt to read property "order" on null', 'APPPATH\\Controllers\\AspectController.php', 23)
 2 SYSTEMPATH\CodeIgniter.php(927): App\Controllers\AspectController->create()
 3 SYSTEMPATH\CodeIgniter.php(482): CodeIgniter\CodeIgniter->runController(Object(App\Controllers\AspectController))
 4 SYSTEMPATH\CodeIgniter.php(351): CodeIgniter\CodeIgniter->handleRequest(null, Object(Config\Cache), false)
 5 FCPATH\index.php(67): CodeIgniter\CodeIgniter->run()
